config_1 0.1367695195202327
config_2 0.12938859945619655
config_3 0.17854031921196303
config_4 0.14105762496364352
config_5 0.15557199070587507
config_6 0.15796304523311935
config_7 0.11227245956940174
config_8 0.12355121570612913
config_9 0.16528614376718576
config_10 0.11213645778023537
config_11 0.11755967602064073
config_12 0.13824645368459518
config_13 0.12401924708386163
config_14 0.12093798177929935
config_15 0.12854075571303653
config_16 0.1328884343271754
config_17 0.11045473828061533
config_18 0.1713769322028236
config_19 0.14214549307621294
config_20 0.1916767936579161
config_21 0.15761296993578383
config_22 0.1452730891021039
config_23 0.21064663557813335
config_24 0.16837476555570327
config_25 0.11874352876243773
